<?xml version="1.0" encoding="UTF-8" ?>
<testsuite tests="1" failures="0" name="jar.AppTest" time="0.072" errors="0" skipped="0">
  <properties>
    <property name="java.vendor" value="Oracle Corporation"/>
    <property name="env.SYSTEMROOT" value="C:\Windows"/>
    <property name="localRepository" value="D:\JAVA\localRepository"/>
    <property name="sun.java.launcher" value="SUN_STANDARD"/>
    <property name="sun.management.compiler" value="HotSpot 64-Bit Tiered Compilers"/>
    <property name="os.name" value="Windows 7"/>
    <property name="env.FP_NO_HOST_CHECK" value="NO"/>
    <property name="sun.boot.class.path" value="C:\Program Files\Java\jdk1.8.0_111\jre\lib\resources.jar;C:\Program Files\Java\jdk1.8.0_111\jre\lib\rt.jar;C:\Program Files\Java\jdk1.8.0_111\jre\lib\sunrsasign.jar;C:\Program Files\Java\jdk1.8.0_111\jre\lib\jsse.jar;C:\Program Files\Java\jdk1.8.0_111\jre\lib\jce.jar;C:\Program Files\Java\jdk1.8.0_111\jre\lib\charsets.jar;C:\Program Files\Java\jdk1.8.0_111\jre\lib\jfr.jar;C:\Program Files\Java\jdk1.8.0_111\jre\classes"/>
    <property name="env.COMPUTERNAME" value="HUANGJIANGBO-PC"/>
    <property name="env.ALLUSERSPROFILE" value="C:\ProgramData"/>
    <property name="sun.desktop" value="windows"/>
    <property name="java.vm.specification.vendor" value="Oracle Corporation"/>
    <property name="java.runtime.version" value="1.8.0_111-b14"/>
    <property name="env.HOMEPATH" value="\Users\huangjiangbo.XGD"/>
    <property name="user.name" value="huangjiangbo"/>
    <property name="maven.build.version" value="Apache Maven 3.3.9 (bb52d8502b132ec0a5a3f4c09453c07478323dc5; 2015-11-11T00:41:47+08:00)"/>
    <property name="env.WINDOWS_TRACING_FLAGS" value="3"/>
    <property name="env.PATH" value="C:/Program Files/Java/jre1.8.0_131/bin/server;C:/Program Files/Java/jre1.8.0_131/bin;C:/Program Files/Java/jre1.8.0_131/lib/amd64;E:\database\product\11.2.0\dbhome_1\bin;C:\ProgramData\Oracle\Java\javapath;C:\Windows\system32;C:\Windows;C:\Windows\System32\Wbem;C:\Windows\System32\WindowsPowerShell\v1.0\;C:\Program Files\Java\jdk1.8.0_111\bin;C:\Program Files (x86)\Intel\OpenCL SDK\2.0\bin\x86;C:\Program Files (x86)\Intel\OpenCL SDK\2.0\bin\x64;D:\Program Files\apache-tomcat-9.0.0.M17\bin;D:\JAVA\apache-maven-3.3.9\bin;C:\Program Files\TortoiseSVN\bin;D:\JAVA\thrift;D:\Program Files\Git\cmd;;D:\Program Files\Microsoft VS Code\bin;C:\Users\huangjiangbo.XGD\Desktop;"/>
    <property name="user.language" value="zh"/>
    <property name="env.WINDIR" value="C:\Windows"/>
    <property name="sun.boot.library.path" value="C:\Program Files\Java\jdk1.8.0_111\jre\bin"/>
    <property name="classworlds.conf" value="D:\mimi\.metadata\.plugins\org.eclipse.m2e.launching\launches\m2conf1316418230679577054.tmp"/>
    <property name="java.version" value="1.8.0_111"/>
    <property name="env.PROCESSOR_IDENTIFIER" value="Intel64 Family 6 Model 42 Stepping 7, GenuineIntel"/>
    <property name="user.timezone" value=""/>
    <property name="env.TEMP" value="C:\Users\HUANGJ~1.XGD\AppData\Local\Temp"/>
    <property name="sun.arch.data.model" value="64"/>
    <property name="env.WINDOWS_TRACING_LOGFILE" value="C:\BVTBin\Tests\installpackage\csilogfile.log"/>
    <property name="java.endorsed.dirs" value="C:\Program Files\Java\jdk1.8.0_111\jre\lib\endorsed"/>
    <property name="sun.cpu.isalist" value="amd64"/>
    <property name="env.HOMEDRIVE" value="C:"/>
    <property name="sun.jnu.encoding" value="GBK"/>
    <property name="file.encoding.pkg" value="sun.io"/>
    <property name="env.SYSTEMDRIVE" value="C:"/>
    <property name="file.separator" value="\"/>
    <property name="java.specification.name" value="Java Platform API Specification"/>
    <property name="java.class.version" value="52.0"/>
    <property name="user.country" value="CN"/>
    <property name="java.home" value="C:\Program Files\Java\jdk1.8.0_111\jre"/>
    <property name="env.APPDATA" value="C:\Users\huangjiangbo.XGD\AppData\Roaming"/>
    <property name="env.PUBLIC" value="C:\Users\Public"/>
    <property name="java.vm.info" value="mixed mode"/>
    <property name="env.CATALINA_HOME" value="D:\Program Files\apache-tomcat-9.0.0.M17"/>
    <property name="env.OS" value="Windows_NT"/>
    <property name="os.version" value="6.1"/>
    <property name="env.=::" value="::\"/>
    <property name="path.separator" value=";"/>
    <property name="java.vm.version" value="25.111-b14"/>
    <property name="env.USERPROFILE" value="C:\Users\huangjiangbo.XGD"/>
    <property name="user.variant" value=""/>
    <property name="env.JAVA_HOME" value="C:\Program Files\Java\jdk1.8.0_111"/>
    <property name="java.awt.printerjob" value="sun.awt.windows.WPrinterJob"/>
    <property name="env.TMP" value="C:\Users\HUANGJ~1.XGD\AppData\Local\Temp"/>
    <property name="env.PROGRAMFILES" value="C:\Program Files"/>
    <property name="sun.io.unicode.encoding" value="UnicodeLittle"/>
    <property name="awt.toolkit" value="sun.awt.windows.WToolkit"/>
    <property name="user.script" value=""/>
    <property name="user.home" value="C:\Users\huangjiangbo.XGD"/>
    <property name="env.COMMONPROGRAMFILES" value="C:\Program Files\Common Files"/>
    <property name="env.SESSIONNAME" value="Console"/>
    <property name="java.specification.vendor" value="Oracle Corporation"/>
    <property name="env.CLASSPATH" value="CLASSPATH=.;C:\Program Files\Java\jdk1.8.0_111\lib;C:\Program Files\Java\jdk1.8.0_111\lib\tools.jar"/>
    <property name="env.M2_HOME" value="D:\JAVA\apache-maven-3.3.9"/>
    <property name="env.NUMBER_OF_PROCESSORS" value="2"/>
    <property name="java.library.path" value="C:\Program Files\Java\jdk1.8.0_111\bin;C:\Windows\Sun\Java\bin;C:\Windows\system32;C:\Windows;C:/Program Files/Java/jre1.8.0_131/bin/server;C:/Program Files/Java/jre1.8.0_131/bin;C:/Program Files/Java/jre1.8.0_131/lib/amd64;E:\database\product\11.2.0\dbhome_1\bin;C:\ProgramData\Oracle\Java\javapath;C:\Windows\system32;C:\Windows;C:\Windows\System32\Wbem;C:\Windows\System32\WindowsPowerShell\v1.0\;C:\Program Files\Java\jdk1.8.0_111\bin;C:\Program Files (x86)\Intel\OpenCL SDK\2.0\bin\x86;C:\Program Files (x86)\Intel\OpenCL SDK\2.0\bin\x64;D:\Program Files\apache-tomcat-9.0.0.M17\bin;D:\JAVA\apache-maven-3.3.9\bin;C:\Program Files\TortoiseSVN\bin;D:\JAVA\thrift;D:\Program Files\Git\cmd;;D:\Program Files\Microsoft VS Code\bin;C:\Users\huangjiangbo.XGD\Desktop;;."/>
    <property name="java.vendor.url" value="http://java.oracle.com/"/>
    <property name="env.COMMONPROGRAMFILES(X86)" value="C:\Program Files (x86)\Common Files"/>
    <property name="env.USERDNSDOMAIN" value="XGD.COM"/>
    <property name="env.PSMODULEPATH" value="C:\Windows\system32\WindowsPowerShell\v1.0\Modules\"/>
    <property name="java.vm.vendor" value="Oracle Corporation"/>
    <property name="java.runtime.name" value="Java(TM) SE Runtime Environment"/>
    <property name="maven.home" value="D:\mimi\blog-parent\EMBEDDED"/>
    <property name="java.class.path" value="/C:/Users/huangjiangbo.XGD/.p2/pool/plugins/org.eclipse.m2e.maven.runtime_1.7.0.20160603-1931/jars/plexus-classworlds-2.5.2.jar"/>
    <property name="sun.java.command" value="org.codehaus.plexus.classworlds.launcher.Launcher -B -s D:\JAVA\apache-maven-3.3.9\conf\settings.xml install"/>
    <property name="env.PROGRAMW6432" value="C:\Program Files"/>
    <property name="maven.version" value="3.3.9"/>
    <property name="env.PROGRAMFILES(X86)" value="C:\Program Files (x86)"/>
    <property name="java.vm.specification.name" value="Java Virtual Machine Specification"/>
    <property name="env.LOGONSERVER" value="\\DCKX1"/>
    <property name="java.vm.specification.version" value="1.8"/>
    <property name="env.PROCESSOR_ARCHITECTURE" value="AMD64"/>
    <property name="env.COMMONPROGRAMW6432" value="C:\Program Files\Common Files"/>
    <property name="sun.os.patch.level" value="Service Pack 1"/>
    <property name="sun.cpu.endian" value="little"/>
    <property name="surefire.test.class.path" value="D:\mimi\blog-parent\blog-base\target\test-classes;D:\mimi\blog-parent\blog-base\target\classes;D:\JAVA\localRepository\org\hibernate\hibernate-core\5.2.2.Final\hibernate-core-5.2.2.Final.jar;D:\JAVA\localRepository\org\jboss\logging\jboss-logging\3.3.0.Final\jboss-logging-3.3.0.Final.jar;D:\JAVA\localRepository\org\hibernate\javax\persistence\hibernate-jpa-2.1-api\1.0.0.Final\hibernate-jpa-2.1-api-1.0.0.Final.jar;D:\JAVA\localRepository\org\javassist\javassist\3.20.0-GA\javassist-3.20.0-GA.jar;D:\JAVA\localRepository\antlr\antlr\2.7.7\antlr-2.7.7.jar;D:\JAVA\localRepository\org\apache\geronimo\specs\geronimo-jta_1.1_spec\1.1.1\geronimo-jta_1.1_spec-1.1.1.jar;D:\JAVA\localRepository\org\jboss\jandex\2.0.0.Final\jandex-2.0.0.Final.jar;D:\JAVA\localRepository\com\fasterxml\classmate\1.3.0\classmate-1.3.0.jar;D:\JAVA\localRepository\dom4j\dom4j\1.6.1\dom4j-1.6.1.jar;D:\JAVA\localRepository\org\hibernate\common\hibernate-commons-annotations\5.0.1.Final\hibernate-commons-annotations-5.0.1.Final.jar;D:\JAVA\localRepository\javax\enterprise\cdi-api\1.1\cdi-api-1.1.jar;D:\JAVA\localRepository\javax\el\el-api\2.2\el-api-2.2.jar;D:\JAVA\localRepository\org\jboss\spec\javax\interceptor\jboss-interceptors-api_1.1_spec\1.0.0.Beta1\jboss-interceptors-api_1.1_spec-1.0.0.Beta1.jar;D:\JAVA\localRepository\javax\annotation\jsr250-api\1.0\jsr250-api-1.0.jar;D:\JAVA\localRepository\javax\inject\javax.inject\1\javax.inject-1.jar;D:\JAVA\localRepository\commons-dbcp\commons-dbcp\1.2.2\commons-dbcp-1.2.2.jar;D:\JAVA\localRepository\commons-pool\commons-pool\1.3\commons-pool-1.3.jar;D:\JAVA\localRepository\com\oracle\ojdbc14\10.2.0.5.0\ojdbc14-10.2.0.5.0.jar;D:\JAVA\localRepository\junit\junit\3.8.1\junit-3.8.1.jar;D:\JAVA\localRepository\org\springframework\spring-core\4.3.5.RELEASE\spring-core-4.3.5.RELEASE.jar;D:\JAVA\localRepository\commons-logging\commons-logging\1.2\commons-logging-1.2.jar;D:\JAVA\localRepository\org\springframework\spring-webmvc\4.3.5.RELEASE\spring-webmvc-4.3.5.RELEASE.jar;D:\JAVA\localRepository\org\springframework\spring-expression\4.3.5.RELEASE\spring-expression-4.3.5.RELEASE.jar;D:\JAVA\localRepository\org\springframework\spring-beans\4.3.5.RELEASE\spring-beans-4.3.5.RELEASE.jar;D:\JAVA\localRepository\org\springframework\spring-jms\4.3.5.RELEASE\spring-jms-4.3.5.RELEASE.jar;D:\JAVA\localRepository\org\springframework\spring-messaging\4.3.5.RELEASE\spring-messaging-4.3.5.RELEASE.jar;D:\JAVA\localRepository\org\springframework\spring-tx\4.3.5.RELEASE\spring-tx-4.3.5.RELEASE.jar;D:\JAVA\localRepository\org\springframework\spring-web\4.3.5.RELEASE\spring-web-4.3.5.RELEASE.jar;D:\JAVA\localRepository\org\springframework\spring-aop\4.3.5.RELEASE\spring-aop-4.3.5.RELEASE.jar;D:\JAVA\localRepository\org\springframework\spring-context\4.3.5.RELEASE\spring-context-4.3.5.RELEASE.jar;D:\JAVA\localRepository\org\springframework\spring-context-support\4.3.5.RELEASE\spring-context-support-4.3.5.RELEASE.jar;D:\JAVA\localRepository\org\springframework\spring-orm\4.3.5.RELEASE\spring-orm-4.3.5.RELEASE.jar;D:\JAVA\localRepository\org\springframework\spring-jdbc\4.3.5.RELEASE\spring-jdbc-4.3.5.RELEASE.jar;D:\JAVA\localRepository\org\springframework\spring-test\4.3.5.RELEASE\spring-test-4.3.5.RELEASE.jar;D:\JAVA\localRepository\redis\clients\jedis\2.7.3\jedis-2.7.3.jar;D:\JAVA\localRepository\org\apache\commons\commons-pool2\2.3\commons-pool2-2.3.jar;D:\JAVA\localRepository\org\springframework\data\spring-data-redis\1.7.6.RELEASE\spring-data-redis-1.7.6.RELEASE.jar;D:\JAVA\localRepository\org\springframework\data\spring-data-keyvalue\1.1.6.RELEASE\spring-data-keyvalue-1.1.6.RELEASE.jar;D:\JAVA\localRepository\org\springframework\data\spring-data-commons\1.12.6.RELEASE\spring-data-commons-1.12.6.RELEASE.jar;D:\JAVA\localRepository\org\springframework\spring-oxm\4.2.9.RELEASE\spring-oxm-4.2.9.RELEASE.jar;D:\JAVA\localRepository\org\slf4j\jcl-over-slf4j\1.7.22\jcl-over-slf4j-1.7.22.jar;D:\JAVA\localRepository\com\alibaba\fastjson\1.2.32\fastjson-1.2.32.jar;D:\JAVA\localRepository\org\apache\logging\log4j\log4j-core\2.8.2\log4j-core-2.8.2.jar;D:\JAVA\localRepository\org\apache\logging\log4j\log4j-api\2.8.2\log4j-api-2.8.2.jar;D:\JAVA\localRepository\org\apache\logging\log4j\log4j-web\2.8.2\log4j-web-2.8.2.jar;D:\JAVA\localRepository\org\slf4j\slf4j-api\1.7.25\slf4j-api-1.7.25.jar;D:\JAVA\localRepository\org\apache\logging\log4j\log4j-slf4j-impl\2.8.2\log4j-slf4j-impl-2.8.2.jar;D:\JAVA\localRepository\org\apache\logging\log4j\log4j-jcl\2.8.2\log4j-jcl-2.8.2.jar;"/>
    <property name="java.io.tmpdir" value="C:\Users\HUANGJ~1.XGD\AppData\Local\Temp\"/>
    <property name="env.PROCESSOR_REVISION" value="2a07"/>
    <property name="java.vendor.url.bug" value="http://bugreport.sun.com/bugreport/"/>
    <property name="maven.multiModuleProjectDirectory" value="D:\mimi\blog-parent"/>
    <property name="env.COMSPEC" value="C:\Windows\system32\cmd.exe"/>
    <property name="env.PROGRAMDATA" value="C:\ProgramData"/>
    <property name="java.awt.graphicsenv" value="sun.awt.Win32GraphicsEnvironment"/>
    <property name="os.arch" value="amd64"/>
    <property name="java.ext.dirs" value="C:\Program Files\Java\jdk1.8.0_111\jre\lib\ext;C:\Windows\Sun\Java\lib\ext"/>
    <property name="user.dir" value="D:\mimi\blog-parent\blog-base"/>
    <property name="env.LOCALAPPDATA" value="C:\Users\huangjiangbo.XGD\AppData\Local"/>
    <property name="line.separator" value="
"/>
    <property name="java.vm.name" value="Java HotSpot(TM) 64-Bit Server VM"/>
    <property name="env.PATHEXT" value=".COM;.EXE;.BAT;.CMD;.VBS;.VBE;.JS;.JSE;.WSF;.WSH;.MSC"/>
    <property name="basedir" value="D:\mimi\blog-parent\blog-base"/>
    <property name="env.#ENVTSLOGSSS4088" value="1657632"/>
    <property name="env.USERNAME" value="huangjiangbo"/>
    <property name="file.encoding" value="UTF-8"/>
    <property name="env.USERDOMAIN" value="XGD"/>
    <property name="java.specification.version" value="1.8"/>
    <property name="env.PROCESSOR_LEVEL" value="6"/>
  </properties>
  <testcase classname="jar.AppTest" name="testApp" time="0.012"/>
</testsuite>